2022-07-23 22:24:35.385 [vert.x-eventloop-thread-0] INFO  i.v.c.impl.launcher.commands.VertxIsolatedDeployer - Succeeded in deploying verticle 
2022-07-23 22:27:55.263 [vert.x-eventloop-thread-0] ERROR i.v.c.impl.launcher.commands.VertxIsolatedDeployer - Failed in deploying verticle 
java.lang.ClassNotFoundException: com.devzhi.message-route.MainVerticle
	at java.net.URLClassLoader.findClass(URLClassLoader.java:387)
	at java.lang.ClassLoader.loadClass(ClassLoader.java:419)
	at sun.misc.Launcher$AppClassLoader.loadClass(Launcher.java:352)
	at java.lang.ClassLoader.loadClass(ClassLoader.java:352)
	at io.vertx.core.impl.JavaVerticleFactory.createVerticle(JavaVerticleFactory.java:41)
	at io.vertx.core.impl.VerticleManager.doDeployVerticle(VerticleManager.java:217)
	at io.vertx.core.impl.VerticleManager.doDeployVerticle(VerticleManager.java:193)
	at io.vertx.core.impl.VerticleManager.doDeployVerticle(VerticleManager.java:180)
	at io.vertx.core.impl.VerticleManager.deployVerticle(VerticleManager.java:156)
	at io.vertx.core.impl.VertxImpl.deployVerticle(VertxImpl.java:628)
	at io.vertx.core.impl.VertxImpl.deployVerticle(VertxImpl.java:634)
	at io.vertx.core.impl.launcher.commands.VertxIsolatedDeployer.deploy(VertxIsolatedDeployer.java:42)
	at sun.reflect.NativeMethodAccessorImpl.invoke0(Native Method)
	at sun.reflect.NativeMethodAccessorImpl.invoke(NativeMethodAccessorImpl.java:62)
	at sun.reflect.DelegatingMethodAccessorImpl.invoke(DelegatingMethodAccessorImpl.java:43)
	at java.lang.reflect.Method.invoke(Method.java:498)
	at io.vertx.core.impl.launcher.commands.ClasspathHandler.deploy(ClasspathHandler.java:169)
	at io.vertx.core.impl.launcher.commands.RunCommand.deploy(RunCommand.java:398)
	at io.vertx.core.impl.launcher.commands.RunCommand.run(RunCommand.java:260)
	at io.vertx.core.impl.launcher.VertxCommandLauncher.execute(VertxCommandLauncher.java:248)
	at io.vertx.core.impl.launcher.VertxCommandLauncher.dispatch(VertxCommandLauncher.java:402)
	at io.vertx.core.impl.launcher.VertxCommandLauncher.dispatch(VertxCommandLauncher.java:346)
	at io.vertx.core.Launcher.main(Launcher.java:45)
2022-07-23 22:28:40.437 [vert.x-eventloop-thread-0] ERROR i.v.c.impl.launcher.commands.VertxIsolatedDeployer - Failed in deploying verticle 
java.lang.ClassNotFoundException: com.devzhi.message-route.MainVerticle
	at java.net.URLClassLoader.findClass(URLClassLoader.java:387)
	at java.lang.ClassLoader.loadClass(ClassLoader.java:419)
	at sun.misc.Launcher$AppClassLoader.loadClass(Launcher.java:352)
	at java.lang.ClassLoader.loadClass(ClassLoader.java:352)
	at io.vertx.core.impl.JavaVerticleFactory.createVerticle(JavaVerticleFactory.java:41)
	at io.vertx.core.impl.VerticleManager.doDeployVerticle(VerticleManager.java:217)
	at io.vertx.core.impl.VerticleManager.doDeployVerticle(VerticleManager.java:193)
	at io.vertx.core.impl.VerticleManager.doDeployVerticle(VerticleManager.java:180)
	at io.vertx.core.impl.VerticleManager.deployVerticle(VerticleManager.java:156)
	at io.vertx.core.impl.VertxImpl.deployVerticle(VertxImpl.java:628)
	at io.vertx.core.impl.VertxImpl.deployVerticle(VertxImpl.java:634)
	at io.vertx.core.impl.launcher.commands.VertxIsolatedDeployer.deploy(VertxIsolatedDeployer.java:42)
	at sun.reflect.NativeMethodAccessorImpl.invoke0(Native Method)
	at sun.reflect.NativeMethodAccessorImpl.invoke(NativeMethodAccessorImpl.java:62)
	at sun.reflect.DelegatingMethodAccessorImpl.invoke(DelegatingMethodAccessorImpl.java:43)
	at java.lang.reflect.Method.invoke(Method.java:498)
	at io.vertx.core.impl.launcher.commands.ClasspathHandler.deploy(ClasspathHandler.java:169)
	at io.vertx.core.impl.launcher.commands.RunCommand.deploy(RunCommand.java:398)
	at io.vertx.core.impl.launcher.commands.RunCommand.run(RunCommand.java:260)
	at io.vertx.core.impl.launcher.VertxCommandLauncher.execute(VertxCommandLauncher.java:248)
	at io.vertx.core.impl.launcher.VertxCommandLauncher.dispatch(VertxCommandLauncher.java:402)
	at io.vertx.core.impl.launcher.VertxCommandLauncher.dispatch(VertxCommandLauncher.java:346)
	at io.vertx.core.Launcher.main(Launcher.java:45)
2022-07-23 22:29:27.415 [vert.x-eventloop-thread-0] INFO  i.v.c.impl.launcher.commands.VertxIsolatedDeployer - Succeeded in deploying verticle 
